{"numFailedTestSuites":0,"numFailedTests":0,"numPassedTestSuites":87,"numPassedTests":931,"numPendingTestSuites":2,"numPendingTests":9,"numRuntimeErrorTestSuites":0,"numTodoTests":0,"numTotalTestSuites":89,"numTotalTests":940,"openHandles":[],"snapshot":{"added":0,"didUpdate":false,"failure":false,"filesAdded":0,"filesRemoved":0,"filesRemovedList":[],"filesUnmatched":0,"filesUpdated":0,"matched":0,"total":0,"unchecked":0,"uncheckedKeysByFile":[],"unmatched":0,"updated":0},"startTime":1773381633196,"success":true,"testResults":[{"assertionResults":[{"ancestorTitles":["Multi-Tenant Usage Limit Boundary Tests","Task 13.5: Starter tier at SKU limit (499/500)"],"duration":1538,"failureDetails":[],"failureMessages":[],"fullName":"Multi-Tenant Usage Limit Boundary Tests Task 13.5: Starter tier at SKU limit (499/500) should allow product creation at 499/500 SKUs","invocations":1,"location":null,"numPassingAsserts":3,"retryReasons":[],"status":"passed","title":"should allow product creation at 499/500 SKUs"},{"ancestorTitles":["Multi-Tenant Usage Limit Boundary Tests","Task 13.5: Starter tier at SKU limit (499/500)"],"duration":869,"failureDetails":[],"failureMessages":[],"fullName":"Multi-Tenant Usage Limit Boundary Tests Task 13.5: Starter tier at SKU limit (499/500) should block product creation at 500/500 SKUs (at limit)","invocations":1,"location":null,"numPassingAsserts":6,"retryReasons":[],"status":"passed","title":"should block product creation at 500/500 SKUs (at limit)"},{"ancestorTitles":["Multi-Tenant Usage Limit Boundary Tests","Task 13.5: Starter tier at SKU limit (499/500)"],"duration":780,"failureDetails":[],"failureMessages":[],"fullName":"Multi-Tenant Usage Limit Boundary Tests Task 13.5: Starter tier at SKU limit (499/500) should return upgrade CTA when limit exceeded","invocations":1,"location":null,"numPassingAsserts":6,"retryReasons":[],"status":"passed","title":"should return upgrade CTA when limit exceeded"},{"ancestorTitles":["Multi-Tenant Usage Limit Boundary Tests","Task 13.6: Professional tier at SKU limit (1999/2000)"],"duration":848,"failureDetails":[],"failureMessages":[],"fullName":"Multi-Tenant Usage Limit Boundary Tests Task 13.6: Professional tier at SKU limit (1999/2000) should allow product creation at 1999/2000 SKUs","invocations":1,"location":null,"numPassingAsserts":3,"retryReasons":[],"status":"passed","title":"should allow product creation at 1999/2000 SKUs"},{"ancestorTitles":["Multi-Tenant Usage Limit Boundary Tests","Task 13.6: Professional tier at SKU limit (1999/2000)"],"duration":940,"failureDetails":[],"failureMessages":[],"fullName":"Multi-Tenant Usage Limit Boundary Tests Task 13.6: Professional tier at SKU limit (1999/2000) should block product creation at 2000/2000 SKUs","invocations":1,"location":null,"numPassingAsserts":5,"retryReasons":[],"status":"passed","title":"should block product creation at 2000/2000 SKUs"},{"ancestorTitles":["Multi-Tenant Usage Limit Boundary Tests","Task 13.6: User limit enforcement per tier"],"duration":833,"failureDetails":[],"failureMessages":[],"fullName":"Multi-Tenant Usage Limit Boundary Tests Task 13.6: User limit enforcement per tier should block user creation when Starter tier at max_users limit (1/1)","invocations":1,"location":null,"numPassingAsserts":5,"retryReasons":[],"status":"passed","title":"should block user creation when Starter tier at max_users limit (1/1)"},{"ancestorTitles":["Multi-Tenant Usage Limit Boundary Tests","Task 13.6: User limit enforcement per tier"],"duration":891,"failureDetails":[],"failureMessages":[],"fullName":"Multi-Tenant Usage Limit Boundary Tests Task 13.6: User limit enforcement per tier should allow user creation when under max_users limit","invocations":1,"location":null,"numPassingAsserts":1,"retryReasons":[],"status":"passed","title":"should allow user creation when under max_users limit"},{"ancestorTitles":["Multi-Tenant Usage Limit Boundary Tests","Task 13.6: User limit enforcement per tier"],"duration":804,"failureDetails":[],"failureMessages":[],"fullName":"Multi-Tenant Usage Limit Boundary Tests Task 13.6: User limit enforcement per tier should allow Professional tier to create multiple users (up to max_users)","invocations":1,"location":null,"numPassingAsserts":1,"retryReasons":[],"status":"passed","title":"should allow Professional tier to create multiple users (up to max_users)"},{"ancestorTitles":["Multi-Tenant Usage Limit Boundary Tests","Task 13.6: User limit enforcement per tier"],"duration":766,"failureDetails":[],"failureMessages":[],"fullName":"Multi-Tenant Usage Limit Boundary Tests Task 13.6: User limit enforcement per tier should block user creation when Professional tier at max_users limit (5/5)","invocations":1,"location":null,"numPassingAsserts":3,"retryReasons":[],"status":"passed","title":"should block user creation when Professional tier at max_users limit (5/5)"},{"ancestorTitles":["Multi-Tenant Usage Limit Boundary Tests","Task 13.6: User limit enforcement per tier"],"duration":750,"failureDetails":[],"failureMessages":[],"fullName":"Multi-Tenant Usage Limit Boundary Tests Task 13.6: User limit enforcement per tier should return usage warning at 80% of max_users limit","invocations":1,"location":null,"numPassingAsserts":2,"retryReasons":[],"status":"passed","title":"should return usage warning at 80% of max_users limit"},{"ancestorTitles":["Multi-Tenant Usage Limit Boundary Tests","Task 13.7: Usage counter atomicity"],"duration":1119,"failureDetails":[],"failureMessages":[],"fullName":"Multi-Tenant Usage Limit Boundary Tests Task 13.7: Usage counter atomicity should increment usage counter atomically on product creation","invocations":1,"location":null,"numPassingAsserts":2,"retryReasons":[],"status":"passed","title":"should increment usage counter atomically on product creation"},{"ancestorTitles":["Multi-Tenant Usage Limit Boundary Tests","Task 13.7: Usage counter atomicity"],"duration":1245,"failureDetails":[],"failureMessages":[],"fullName":"Multi-Tenant Usage Limit Boundary Tests Task 13.7: Usage counter atomicity should maintain accurate count across multiple operations","invocations":1,"location":null,"numPassingAsserts":2,"retryReasons":[],"status":"passed","title":"should maintain accurate count across multiple operations"},{"ancestorTitles":["Multi-Tenant Usage Limit Boundary Tests","Task 13.7: Usage counter atomicity"],"duration":808,"failureDetails":[],"failureMessages":[],"fullName":"Multi-Tenant Usage Limit Boundary Tests Task 13.7: Usage counter atomicity should prevent race conditions in usage counter updates","invocations":1,"location":null,"numPassingAsserts":4,"retryReasons":[],"status":"passed","title":"should prevent race conditions in usage counter updates"},{"ancestorTitles":["Multi-Tenant Usage Limit Boundary Tests","Task 13.7: Storage quota increment/decrement per organization"],"duration":963,"failureDetails":[],"failureMessages":[],"fullName":"Multi-Tenant Usage Limit Boundary Tests Task 13.7: Storage quota increment/decrement per organization should increment storageUsedBytes on upload","invocations":1,"location":null,"numPassingAsserts":2,"retryReasons":[],"status":"passed","title":"should increment storageUsedBytes on upload"},{"ancestorTitles":["Multi-Tenant Usage Limit Boundary Tests","Task 13.7: Storage quota increment/decrement per organization"],"duration":880,"failureDetails":[],"failureMessages":[],"fullName":"Multi-Tenant Usage Limit Boundary Tests Task 13.7: Storage quota increment/decrement per organization should accumulate storage across multiple uploads","invocations":1,"location":null,"numPassingAsserts":1,"retryReasons":[],"status":"passed","title":"should accumulate storage across multiple uploads"},{"ancestorTitles":["Multi-Tenant Usage Limit Boundary Tests","Task 13.7: Storage quota increment/decrement per organization"],"duration":929,"failureDetails":[],"failureMessages":[],"fullName":"Multi-Tenant Usage Limit Boundary Tests Task 13.7: Storage quota increment/decrement per organization should decrement storageUsedBytes on upload deletion","invocations":1,"location":null,"numPassingAsserts":1,"retryReasons":[],"status":"passed","title":"should decrement storageUsedBytes on upload deletion"},{"ancestorTitles":["Multi-Tenant Usage Limit Boundary Tests","Task 13.7: Storage quota increment/decrement per organization"],"duration":890,"failureDetails":[],"failureMessages":[],"fullName":"Multi-Tenant Usage Limit Boundary Tests Task 13.7: Storage quota increment/decrement per organization should NOT decrement storage on double-delete (idempotency)","invocations":1,"location":null,"numPassingAsserts":2,"retryReasons":[],"status":"passed","title":"should NOT decrement storage on double-delete (idempotency)"},{"ancestorTitles":["Multi-Tenant Usage Limit Boundary Tests","Task 13.7: Storage quota increment/decrement per organization"],"duration":950,"failureDetails":[],"failureMessages":[],"fullName":"Multi-Tenant Usage Limit Boundary Tests Task 13.7: Storage quota increment/decrement per organization should isolate storage tracking per organization","invocations":1,"location":null,"numPassingAsserts":2,"retryReasons":[],"status":"passed","title":"should isolate storage tracking per organization"},{"ancestorTitles":["Multi-Tenant Usage Limit Boundary Tests","Task 13.7: Storage quota increment/decrement per organization"],"duration":937,"failureDetails":[],"failureMessages":[],"fullName":"Multi-Tenant Usage Limit Boundary Tests Task 13.7: Storage quota increment/decrement per organization should use StorageQuotaService.recordUpload for atomic tracking","invocations":1,"location":null,"numPassingAsserts":2,"retryReasons":[],"status":"passed","title":"should use StorageQuotaService.recordUpload for atomic tracking"},{"ancestorTitles":["Multi-Tenant Usage Limit Boundary Tests","Task 13.7: Storage quota increment/decrement per organization"],"duration":887,"failureDetails":[],"failureMessages":[],"fullName":"Multi-Tenant Usage Limit Boundary Tests Task 13.7: Storage quota increment/decrement per organization should use StorageQuotaService.markUploadDeleted for decrement","invocations":1,"location":null,"numPassingAsserts":3,"retryReasons":[],"status":"passed","title":"should use StorageQuotaService.markUploadDeleted for decrement"}],"endTime":1773381664474,"message":"","name":"C:\\Users\\josha\\date-management-app\\backend\\src\\tests\\integration\\multi-tenant-usage-limits.test.ts","startTime":1773381633727,"status":"passed","summary":""},{"assertionResults":[{"ancestorTitles":["validate-tier-flags","validateTierFeatureFlags"],"duration":1376,"failureDetails":[],"failureMessages":[],"fullName":"validate-tier-flags validateTierFeatureFlags should return valid=true when all required flags exist","invocations":1,"location":null,"numPassingAsserts":3,"retryReasons":[],"status":"passed","title":"should return valid=true when all required flags exist"},{"ancestorTitles":["validate-tier-flags","validateTierFeatureFlags"],"duration":295,"failureDetails":[],"failureMessages":[],"fullName":"validate-tier-flags validateTierFeatureFlags should return valid=false when flags are missing","invocations":1,"location":null,"numPassingAsserts":4,"retryReasons":[],"status":"passed","title":"should return valid=false when flags are missing"},{"ancestorTitles":["validate-tier-flags","validateTierFeatureFlags"],"duration":1154,"failureDetails":[],"failureMessages":[],"fullName":"validate-tier-flags validateTierFeatureFlags should detect missing max_inventory_items flag","invocations":1,"location":null,"numPassingAsserts":2,"retryReasons":[],"status":"passed","title":"should detect missing max_inventory_items flag"},{"ancestorTitles":["validate-tier-flags","validateTierFeatureFlags"],"duration":1118,"failureDetails":[],"failureMessages":[],"fullName":"validate-tier-flags validateTierFeatureFlags should return warnings for incorrect limit values","invocations":1,"location":null,"numPassingAsserts":3,"retryReasons":[],"status":"passed","title":"should return warnings for incorrect limit values"},{"ancestorTitles":["validate-tier-flags","validateTierFeatureFlags"],"duration":1061,"failureDetails":[],"failureMessages":[],"fullName":"validate-tier-flags validateTierFeatureFlags should report correct flag counts per tier","invocations":1,"location":null,"numPassingAsserts":4,"retryReasons":[],"status":"passed","title":"should report correct flag counts per tier"},{"ancestorTitles":["validate-tier-flags","quickValidateTierFeatureFlags"],"duration":971,"failureDetails":[],"failureMessages":[],"fullName":"validate-tier-flags quickValidateTierFeatureFlags should return true when all required flags exist","invocations":1,"location":null,"numPassingAsserts":1,"retryReasons":[],"status":"passed","title":"should return true when all required flags exist"},{"ancestorTitles":["validate-tier-flags","quickValidateTierFeatureFlags"],"duration":107,"failureDetails":[],"failureMessages":[],"fullName":"validate-tier-flags quickValidateTierFeatureFlags should return false when flags are missing","invocations":1,"location":null,"numPassingAsserts":1,"retryReasons":[],"status":"passed","title":"should return false when flags are missing"},{"ancestorTitles":["validate-tier-flags","quickValidateTierFeatureFlags"],"duration":109,"failureDetails":[],"failureMessages":[],"fullName":"validate-tier-flags quickValidateTierFeatureFlags should handle database errors gracefully","invocations":1,"location":null,"numPassingAsserts":1,"retryReasons":[],"status":"passed","title":"should handle database errors gracefully"},{"ancestorTitles":["validate-tier-flags","seedMissingTierFeatureFlags"],"duration":1495,"failureDetails":[],"failureMessages":[],"fullName":"validate-tier-flags seedMissingTierFeatureFlags should seed missing flags","invocations":1,"location":null,"numPassingAsserts":3,"retryReasons":[],"status":"passed","title":"should seed missing flags"},{"ancestorTitles":["validate-tier-flags","seedMissingTierFeatureFlags"],"duration":1383,"failureDetails":[],"failureMessages":[],"fullName":"validate-tier-flags seedMissingTierFeatureFlags should not re-seed existing flags","invocations":1,"location":null,"numPassingAsserts":2,"retryReasons":[],"status":"passed","title":"should not re-seed existing flags"},{"ancestorTitles":["validate-tier-flags","seedMissingTierFeatureFlags"],"duration":1186,"failureDetails":[],"failureMessages":[],"fullName":"validate-tier-flags seedMissingTierFeatureFlags should correctly seed max_inventory_items for all tiers","invocations":1,"location":null,"numPassingAsserts":8,"retryReasons":[],"status":"passed","title":"should correctly seed max_inventory_items for all tiers"},{"ancestorTitles":["validate-tier-flags","seedMissingTierFeatureFlags"],"duration":1805,"failureDetails":[],"failureMessages":[],"fullName":"validate-tier-flags seedMissingTierFeatureFlags should be idempotent and race-safe when called concurrently","invocations":1,"location":null,"numPassingAsserts":4,"retryReasons":[],"status":"passed","title":"should be idempotent and race-safe when called concurrently"},{"ancestorTitles":["validate-tier-flags","EXPECTED_LIMITS"],"duration":252,"failureDetails":[],"failureMessages":[],"fullName":"validate-tier-flags EXPECTED_LIMITS should have correct inventory item limits per tier","invocations":1,"location":null,"numPassingAsserts":4,"retryReasons":[],"status":"passed","title":"should have correct inventory item limits per tier"},{"ancestorTitles":["validate-tier-flags","EXPECTED_LIMITS"],"duration":122,"failureDetails":[],"failureMessages":[],"fullName":"validate-tier-flags EXPECTED_LIMITS should have correct SKU limits per tier","invocations":1,"location":null,"numPassingAsserts":4,"retryReasons":[],"status":"passed","title":"should have correct SKU limits per tier"},{"ancestorTitles":["validate-tier-flags","EXPECTED_LIMITS"],"duration":103,"failureDetails":[],"failureMessages":[],"fullName":"validate-tier-flags EXPECTED_LIMITS should have correct user limits per tier","invocations":1,"location":null,"numPassingAsserts":4,"retryReasons":[],"status":"passed","title":"should have correct user limits per tier"},{"ancestorTitles":["validate-tier-flags","REQUIRED_FEATURES"],"duration":140,"failureDetails":[],"failureMessages":[],"fullName":"validate-tier-flags REQUIRED_FEATURES should include all critical features","invocations":1,"location":null,"numPassingAsserts":4,"retryReasons":[],"status":"passed","title":"should include all critical features"},{"ancestorTitles":["validate-tier-flags","REQUIRED_TIERS"],"duration":110,"failureDetails":[],"failureMessages":[],"fullName":"validate-tier-flags REQUIRED_TIERS should include all tier levels","invocations":1,"location":null,"numPassingAsserts":4,"retryReasons":[],"status":"passed","title":"should include all tier levels"}],"endTime":1773381680597,"message":"","name":"C:\\Users\\josha\\date-management-app\\backend\\src\\tests\\unit\\validate-tier-flags.test.ts","startTime":1773381664899,"status":"passed","summary":""},{"assertionResults":[{"ancestorTitles":["Upload Routes with ServiceProvider Integration","POST /api/upload/initiate"],"duration":991,"failureDetails":[],"failureMessages":[],"fullName":"Upload Routes with ServiceProvider Integration POST /api/upload/initiate should return direct upload strategy for small files","invocations":1,"location":null,"numPassingAsserts":4,"retryReasons":[],"status":"passed","title":"should return direct upload strategy for small files"},{"ancestorTitles":["Upload Routes with ServiceProvider Integration","POST /api/upload/initiate"],"duration":605,"failureDetails":[],"failureMessages":[],"fullName":"Upload Routes with ServiceProvider Integration POST /api/upload/initiate should return presigned URL strategy for large files","invocations":1,"location":null,"numPassingAsserts":3,"retryReasons":[],"status":"passed","title":"should return presigned URL strategy for large files"},{"ancestorTitles":["Upload Routes with ServiceProvider Integration","POST /api/upload/initiate"],"duration":619,"failureDetails":[],"failureMessages":[],"fullName":"Upload Routes with ServiceProvider Integration POST /api/upload/initiate should reject files exceeding max size","invocations":1,"location":null,"numPassingAsserts":1,"retryReasons":[],"status":"passed","title":"should reject files exceeding max size"},{"ancestorTitles":["Upload Routes with ServiceProvider Integration","POST /api/upload/initiate"],"duration":677,"failureDetails":[],"failureMessages":[],"fullName":"Upload Routes with ServiceProvider Integration POST /api/upload/initiate should validate filename is provided","invocations":1,"location":null,"numPassingAsserts":1,"retryReasons":[],"status":"passed","title":"should validate filename is provided"},{"ancestorTitles":["Upload Routes with ServiceProvider Integration","POST /api/upload/direct"],"duration":939,"failureDetails":[],"failureMessages":[],"fullName":"Upload Routes with ServiceProvider Integration POST /api/upload/direct should handle direct file upload for small CSV","invocations":1,"location":null,"numPassingAsserts":2,"retryReasons":[],"status":"passed","title":"should handle direct file upload for small CSV"},{"ancestorTitles":["Upload Routes with ServiceProvider Integration","POST /api/upload/direct"],"duration":564,"failureDetails":[],"failureMessages":[],"fullName":"Upload Routes with ServiceProvider Integration POST /api/upload/direct should reject upload without file","invocations":1,"location":null,"numPassingAsserts":1,"retryReasons":[],"status":"passed","title":"should reject upload without file"},{"ancestorTitles":["Upload Routes with ServiceProvider Integration","POST /api/upload/direct"],"duration":535,"failureDetails":[],"failureMessages":[],"fullName":"Upload Routes with ServiceProvider Integration POST /api/upload/direct should process CSV and create products via ServiceProvider","invocations":1,"location":null,"numPassingAsserts":1,"retryReasons":[],"status":"passed","title":"should process CSV and create products via ServiceProvider"},{"ancestorTitles":["Upload Routes with ServiceProvider Integration","POST /api/upload/complete"],"duration":671,"failureDetails":[],"failureMessages":[],"fullName":"Upload Routes with ServiceProvider Integration POST /api/upload/complete should complete presigned upload and trigger CSV processing","invocations":1,"location":null,"numPassingAsserts":2,"retryReasons":[],"status":"passed","title":"should complete presigned upload and trigger CSV processing"},{"ancestorTitles":["Upload Routes with ServiceProvider Integration","POST /api/upload/complete"],"duration":649,"failureDetails":[],"failureMessages":[],"fullName":"Upload Routes with ServiceProvider Integration POST /api/upload/complete should fail if file not found in storage","invocations":1,"location":null,"numPassingAsserts":1,"retryReasons":[],"status":"passed","title":"should fail if file not found in storage"},{"ancestorTitles":["Upload Routes with ServiceProvider Integration","POST /api/upload/complete"],"duration":576,"failureDetails":[],"failureMessages":[],"fullName":"Upload Routes with ServiceProvider Integration POST /api/upload/complete should validate key is provided","invocations":1,"location":null,"numPassingAsserts":1,"retryReasons":[],"status":"passed","title":"should validate key is provided"},{"ancestorTitles":["Upload Routes with ServiceProvider Integration","ServiceProvider Integration"],"duration":607,"failureDetails":[],"failureMessages":[],"fullName":"Upload Routes with ServiceProvider Integration ServiceProvider Integration should process CSV files through ServiceProvider","invocations":1,"location":null,"numPassingAsserts":1,"retryReasons":[],"status":"passed","title":"should process CSV files through ServiceProvider"},{"ancestorTitles":["Upload Routes with ServiceProvider Integration","ServiceProvider Integration"],"duration":513,"failureDetails":[],"failureMessages":[],"fullName":"Upload Routes with ServiceProvider Integration ServiceProvider Integration should handle file uploads with ServiceProvider storage","invocations":1,"location":null,"numPassingAsserts":1,"retryReasons":[],"status":"passed","title":"should handle file uploads with ServiceProvider storage"},{"ancestorTitles":["Upload Routes with ServiceProvider Integration","ServiceProvider Integration"],"duration":551,"failureDetails":[],"failureMessages":[],"fullName":"Upload Routes with ServiceProvider Integration ServiceProvider Integration should handle errors from ServiceProvider gracefully","invocations":1,"location":null,"numPassingAsserts":1,"retryReasons":[],"status":"passed","title":"should handle errors from ServiceProvider gracefully"},{"ancestorTitles":["Upload Routes with ServiceProvider Integration","End-to-End Upload Flow"],"duration":605,"failureDetails":[],"failureMessages":[],"fullName":"Upload Routes with ServiceProvider Integration End-to-End Upload Flow should complete full direct upload workflow","invocations":1,"location":null,"numPassingAsserts":2,"retryReasons":[],"status":"passed","title":"should complete full direct upload workflow"},{"ancestorTitles":["Upload Routes with ServiceProvider Integration","End-to-End Upload Flow"],"duration":630,"failureDetails":[],"failureMessages":[],"fullName":"Upload Routes with ServiceProvider Integration End-to-End Upload Flow should complete full presigned upload workflow","invocations":1,"location":null,"numPassingAsserts":2,"retryReasons":[],"status":"passed","title":"should complete full presigned upload workflow"}],"endTime":1773381696276,"message":"","name":"C:\\Users\\josha\\date-management-app\\backend\\src\\tests\\integration\\upload-routes-service-provider.test.ts","startTime":1773381680685,"status":"passed","summary":""},{"assertionResults":[{"ancestorTitles":["Multi-Tenant Cross-Tenant Isolation Tests","Task 13.1: Cross-tenant product isolation"],"duration":1422,"failureDetails":[],"failureMessages":[],"fullName":"Multi-Tenant Cross-Tenant Isolation Tests Task 13.1: Cross-tenant product isolation should return only products from user organization","invocations":1,"location":null,"numPassingAsserts":9,"retryReasons":[],"status":"passed","title":"should return only products from user organization"},{"ancestorTitles":["Multi-Tenant Cross-Tenant Isolation Tests","Task 13.2: Cross-tenant write/delete protection"],"duration":866,"failureDetails":[],"failureMessages":[],"fullName":"Multi-Tenant Cross-Tenant Isolation Tests Task 13.2: Cross-tenant write/delete protection should prevent user from updating products from another organization","invocations":1,"location":null,"numPassingAsserts":2,"retryReasons":[],"status":"passed","title":"should prevent user from updating products from another organization"},{"ancestorTitles":["Multi-Tenant Cross-Tenant Isolation Tests","Task 13.2: Cross-tenant write/delete protection"],"duration":1132,"failureDetails":[],"failureMessages":[],"fullName":"Multi-Tenant Cross-Tenant Isolation Tests Task 13.2: Cross-tenant write/delete protection should prevent user from deleting products from another organization","invocations":1,"location":null,"numPassingAsserts":3,"retryReasons":[],"status":"passed","title":"should prevent user from deleting products from another organization"},{"ancestorTitles":["Multi-Tenant Cross-Tenant Isolation Tests","Task 13.2: Cross-tenant write/delete protection"],"duration":1113,"failureDetails":[],"failureMessages":[],"fullName":"Multi-Tenant Cross-Tenant Isolation Tests Task 13.2: Cross-tenant write/delete protection should prevent cross-tenant access for inventory items","invocations":1,"location":null,"numPassingAsserts":2,"retryReasons":[],"status":"passed","title":"should prevent cross-tenant access for inventory items"},{"ancestorTitles":["Multi-Tenant Cross-Tenant Isolation Tests","Task 13.2: Cross-tenant write/delete protection"],"duration":820,"failureDetails":[],"failureMessages":[],"fullName":"Multi-Tenant Cross-Tenant Isolation Tests Task 13.2: Cross-tenant write/delete protection should prevent cross-tenant access for users","invocations":1,"location":null,"numPassingAsserts":4,"retryReasons":[],"status":"passed","title":"should prevent cross-tenant access for users"},{"ancestorTitles":["Multi-Tenant Cross-Tenant Isolation Tests","Task 13.3: Service-level tenant filtering"],"duration":960,"failureDetails":[],"failureMessages":[],"fullName":"Multi-Tenant Cross-Tenant Isolation Tests Task 13.3: Service-level tenant filtering should filter products by organizationId in service layer","invocations":1,"location":null,"numPassingAsserts":4,"retryReasons":[],"status":"passed","title":"should filter products by organizationId in service layer"},{"ancestorTitles":["Multi-Tenant Cross-Tenant Isolation Tests","Task 13.3: Service-level tenant filtering"],"duration":813,"failureDetails":[],"failureMessages":[],"fullName":"Multi-Tenant Cross-Tenant Isolation Tests Task 13.3: Service-level tenant filtering should verify subscription tier is associated with organization","invocations":1,"location":null,"numPassingAsserts":4,"retryReasons":[],"status":"passed","title":"should verify subscription tier is associated with organization"},{"ancestorTitles":["Multi-Tenant Cross-Tenant Isolation Tests","Task 13.3: Service-level tenant filtering"],"duration":958,"failureDetails":[],"failureMessages":[],"fullName":"Multi-Tenant Cross-Tenant Isolation Tests Task 13.3: Service-level tenant filtering should maintain separate usage tracking per organization","invocations":1,"location":null,"numPassingAsserts":5,"retryReasons":[],"status":"passed","title":"should maintain separate usage tracking per organization"}],"endTime":1773381708086,"message":"","name":"C:\\Users\\josha\\date-management-app\\backend\\src\\tests\\integration\\multi-tenant-cross-tenant-isolation.test.ts","startTime":1773381696582,"status":"passed","summary":""},{"assertionResults":[{"ancestorTitles":["Multi-Tenant Trial Workflow Tests","Task 13.8: Trial expiration and downgrade"],"duration":764,"failureDetails":[],"failureMessages":[],"fullName":"Multi-Tenant Trial Workflow Tests Task 13.8: Trial expiration and downgrade should create trial subscription with Professional tier access","invocations":1,"location":null,"numPassingAsserts":7,"retryReasons":[],"status":"passed","title":"should create trial subscription with Professional tier access"},{"ancestorTitles":["Multi-Tenant Trial Workflow Tests","Task 13.8: Trial expiration and downgrade"],"duration":676,"failureDetails":[],"failureMessages":[],"fullName":"Multi-Tenant Trial Workflow Tests Task 13.8: Trial expiration and downgrade should allow Professional tier features during trial period","invocations":1,"location":null,"numPassingAsserts":3,"retryReasons":[],"status":"passed","title":"should allow Professional tier features during trial period"},{"ancestorTitles":["Multi-Tenant Trial Workflow Tests","Task 13.8: Trial expiration and downgrade"],"duration":809,"failureDetails":[],"failureMessages":[],"fullName":"Multi-Tenant Trial Workflow Tests Task 13.8: Trial expiration and downgrade should downgrade to Starter tier after trial expires","invocations":1,"location":null,"numPassingAsserts":2,"retryReasons":[],"status":"passed","title":"should downgrade to Starter tier after trial expires"},{"ancestorTitles":["Multi-Tenant Trial Workflow Tests","Task 13.8: Trial expiration and downgrade"],"duration":683,"failureDetails":[],"failureMessages":[],"fullName":"Multi-Tenant Trial Workflow Tests Task 13.8: Trial expiration and downgrade should block Professional features after trial expiration","invocations":1,"location":null,"numPassingAsserts":4,"retryReasons":[],"status":"passed","title":"should block Professional features after trial expiration"},{"ancestorTitles":["Multi-Tenant Trial Workflow Tests","Task 13.8: Trial expiration and downgrade"],"duration":644,"failureDetails":[],"failureMessages":[],"fullName":"Multi-Tenant Trial Workflow Tests Task 13.8: Trial expiration and downgrade should maintain trial metadata after downgrade","invocations":1,"location":null,"numPassingAsserts":4,"retryReasons":[],"status":"passed","title":"should maintain trial metadata after downgrade"},{"ancestorTitles":["Multi-Tenant Trial Workflow Tests","Task 13.8: Trial expiration and downgrade"],"duration":639,"failureDetails":[],"failureMessages":[],"fullName":"Multi-Tenant Trial Workflow Tests Task 13.8: Trial expiration and downgrade should track trial conversion when user upgrades","invocations":1,"location":null,"numPassingAsserts":5,"retryReasons":[],"status":"passed","title":"should track trial conversion when user upgrades"},{"ancestorTitles":["Multi-Tenant Trial Workflow Tests","Task 13.8 Extended: Trial expiration with orgUsage limits"],"duration":761,"failureDetails":[],"failureMessages":[],"fullName":"Multi-Tenant Trial Workflow Tests Task 13.8 Extended: Trial expiration with orgUsage limits should create trial with Professional tier limits in orgUsage","invocations":1,"location":null,"numPassingAsserts":2,"retryReasons":[],"status":"passed","title":"should create trial with Professional tier limits in orgUsage"},{"ancestorTitles":["Multi-Tenant Trial Workflow Tests","Task 13.8 Extended: Trial expiration with orgUsage limits"],"duration":922,"failureDetails":[],"failureMessages":[],"fullName":"Multi-Tenant Trial Workflow Tests Task 13.8 Extended: Trial expiration with orgUsage limits should update orgUsage limits on trial expiration downgrade","invocations":1,"location":null,"numPassingAsserts":3,"retryReasons":[],"status":"passed","title":"should update orgUsage limits on trial expiration downgrade"},{"ancestorTitles":["Multi-Tenant Trial Workflow Tests","Task 13.8 Extended: Trial expiration with orgUsage limits"],"duration":792,"failureDetails":[],"failureMessages":[],"fullName":"Multi-Tenant Trial Workflow Tests Task 13.8 Extended: Trial expiration with orgUsage limits should log trial_expired event on downgrade","invocations":1,"location":null,"numPassingAsserts":2,"retryReasons":[],"status":"passed","title":"should log trial_expired event on downgrade"},{"ancestorTitles":["Multi-Tenant Trial Workflow Tests","Task 13.8 Extended: Trial expiration with orgUsage limits"],"duration":842,"failureDetails":[],"failureMessages":[],"fullName":"Multi-Tenant Trial Workflow Tests Task 13.8 Extended: Trial expiration with orgUsage limits should handle multiple expired trials atomically","invocations":1,"location":null,"numPassingAsserts":3,"retryReasons":[],"status":"passed","title":"should handle multiple expired trials atomically"},{"ancestorTitles":["Multi-Tenant Trial Workflow Tests","Task 16A.C.6: Time-advance and limit enforcement tests"],"duration":761,"failureDetails":[],"failureMessages":[],"fullName":"Multi-Tenant Trial Workflow Tests Task 16A.C.6: Time-advance and limit enforcement tests should find trials needing reminder at 2 days before end","invocations":1,"location":null,"numPassingAsserts":3,"retryReasons":[],"status":"passed","title":"should find trials needing reminder at 2 days before end"},{"ancestorTitles":["Multi-Tenant Trial Workflow Tests","Task 16A.C.6: Time-advance and limit enforcement tests"],"duration":655,"failureDetails":[],"failureMessages":[],"fullName":"Multi-Tenant Trial Workflow Tests Task 16A.C.6: Time-advance and limit enforcement tests should NOT find trials needing reminder at day 7 (not in threshold)","invocations":1,"location":null,"numPassingAsserts":1,"retryReasons":[],"status":"passed","title":"should NOT find trials needing reminder at day 7 (not in threshold)"},{"ancestorTitles":["Multi-Tenant Trial Workflow Tests","Task 16A.C.6: Time-advance and limit enforcement tests"],"duration":719,"failureDetails":[],"failureMessages":[],"fullName":"Multi-Tenant Trial Workflow Tests Task 16A.C.6: Time-advance and limit enforcement tests should enforce Starter SKU limit after trial expiry","invocations":1,"location":null,"numPassingAsserts":3,"retryReasons":[],"status":"passed","title":"should enforce Starter SKU limit after trial expiry"},{"ancestorTitles":["Multi-Tenant Trial Workflow Tests","Task 16A.C.6: Time-advance and limit enforcement tests"],"duration":768,"failureDetails":[],"failureMessages":[],"fullName":"Multi-Tenant Trial Workflow Tests Task 16A.C.6: Time-advance and limit enforcement tests should log trial_started event when trial is created","invocations":1,"location":null,"numPassingAsserts":2,"retryReasons":[],"status":"passed","title":"should log trial_started event when trial is created"}],"endTime":1773381721230,"message":"","name":"C:\\Users\\josha\\date-management-app\\backend\\src\\tests\\integration\\multi-tenant-trial-workflow.test.ts","startTime":1773381708134,"status":"passed","summary":""},{"assertionResults":[{"ancestorTitles":["Multi-Tenant Load Tests","Task 13.12: Load tests for concurrent organizations"],"duration":null,"failureDetails":[],"failureMessages":[],"fullName":"Multi-Tenant Load Tests Task 13.12: Load tests for concurrent organizations should handle concurrent product creation from multiple organizations","invocations":1,"location":null,"numPassingAsserts":0,"retryReasons":[],"status":"pending","title":"should handle concurrent product creation from multiple organizations"},{"ancestorTitles":["Multi-Tenant Load Tests","Task 13.12: Load tests for concurrent organizations"],"duration":null,"failureDetails":[],"failureMessages":[],"fullName":"Multi-Tenant Load Tests Task 13.12: Load tests for concurrent organizations should maintain tenant isolation under concurrent load","invocations":1,"location":null,"numPassingAsserts":0,"retryReasons":[],"status":"pending","title":"should maintain tenant isolation under concurrent load"},{"ancestorTitles":["Multi-Tenant Load Tests","Task 13.12: Load tests for concurrent organizations"],"duration":null,"failureDetails":[],"failureMessages":[],"fullName":"Multi-Tenant Load Tests Task 13.12: Load tests for concurrent organizations should handle high concurrency without data corruption","invocations":1,"location":null,"numPassingAsserts":0,"retryReasons":[],"status":"pending","title":"should handle high concurrency without data corruption"},{"ancestorTitles":["Multi-Tenant Load Tests","Task 13.12: Load tests for concurrent organizations"],"duration":null,"failureDetails":[],"failureMessages":[],"fullName":"Multi-Tenant Load Tests Task 13.12: Load tests for concurrent organizations should handle mixed read/write operations under load","invocations":1,"location":null,"numPassingAsserts":0,"retryReasons":[],"status":"pending","title":"should handle mixed read/write operations under load"},{"ancestorTitles":["Multi-Tenant Load Tests","Task 13.12: Load tests for concurrent organizations"],"duration":null,"failureDetails":[],"failureMessages":[],"fullName":"Multi-Tenant Load Tests Task 13.12: Load tests for concurrent organizations should maintain performance with multiple organizations under load","invocations":1,"location":null,"numPassingAsserts":0,"retryReasons":[],"status":"pending","title":"should maintain performance with multiple organizations under load"}],"coverage":{},"endTime":1773382540206,"message":"","name":"C:\\Users\\josha\\date-management-app\\backend\\src\\tests\\integration\\multi-tenant-load.test.ts","startTime":1773382540206,"status":"skipped","summary":""},{"assertionResults":[{"ancestorTitles":["Upload Load Test"],"duration":null,"failureDetails":[],"failureMessages":[],"fullName":"Upload Load Test handles 1000 concurrent direct uploads","invocations":1,"location":null,"numPassingAsserts":0,"retryReasons":[],"status":"pending","title":"handles 1000 concurrent direct uploads"}],"coverage":{},"endTime":1773382540206,"message":"","name":"C:\\Users\\josha\\date-management-app\\backend\\src\\tests\\integration\\upload-load.test.ts","startTime":1773382540206,"status":"skipped","summary":""},{"assertionResults":[{"ancestorTitles":["AuthService","validatePin"],"duration":593,"failureDetails":[],"failureMessages":[],"fullName":"AuthService validatePin rejects non-digit pins and invalid lengths","invocations":1,"location":null,"numPassingAsserts":2,"retryReasons":[],"status":"passed","title":"rejects non-digit pins and invalid lengths"},{"ancestorTitles":["AuthService","validatePin"],"duration":544,"failureDetails":[],"failureMessages":[],"fullName":"AuthService validatePin rejects predictable patterns","invocations":1,"location":null,"numPassingAsserts":2,"retryReasons":[],"status":"passed","title":"rejects predictable patterns"},{"ancestorTitles":["AuthService","validatePin"],"duration":565,"failureDetails":[],"failureMessages":[],"fullName":"AuthService validatePin accepts a valid pin","invocations":1,"location":null,"numPassingAsserts":1,"retryReasons":[],"status":"passed","title":"accepts a valid pin"},{"ancestorTitles":["AuthService","hashPin"],"duration":602,"failureDetails":[],"failureMessages":[],"fullName":"AuthService hashPin hashes PIN with bcrypt","invocations":1,"location":null,"numPassingAsserts":2,"retryReasons":[],"status":"passed","title":"hashes PIN with bcrypt"},{"ancestorTitles":["AuthService","verifyPin"],"duration":660,"failureDetails":[],"failureMessages":[],"fullName":"AuthService verifyPin verifies PIN with bcrypt","invocations":1,"location":null,"numPassingAsserts":2,"retryReasons":[],"status":"passed","title":"verifies PIN with bcrypt"},{"ancestorTitles":["AuthService","login"],"duration":569,"failureDetails":[],"failureMessages":[],"fullName":"AuthService login always throws AuthenticationError since PIN auth is disabled (Clerk is used)","invocations":1,"location":null,"numPassingAsserts":2,"retryReasons":[],"status":"passed","title":"always throws AuthenticationError since PIN auth is disabled (Clerk is used)"},{"ancestorTitles":["AuthService","login"],"duration":542,"failureDetails":[],"failureMessages":[],"fullName":"AuthService login throws AuthenticationError when no users exist","invocations":1,"location":null,"numPassingAsserts":1,"retryReasons":[],"status":"passed","title":"throws AuthenticationError when no users exist"},{"ancestorTitles":["AuthService","login"],"duration":646,"failureDetails":[],"failureMessages":[],"fullName":"AuthService login throws InternalError on unexpected failures","invocations":1,"location":null,"numPassingAsserts":1,"retryReasons":[],"status":"passed","title":"throws InternalError on unexpected failures"},{"ancestorTitles":["AuthService","generateTokens"],"duration":624,"failureDetails":[],"failureMessages":[],"fullName":"AuthService generateTokens successfully generates an access and refresh token pair","invocations":1,"location":null,"numPassingAsserts":4,"retryReasons":[],"status":"passed","title":"successfully generates an access and refresh token pair"},{"ancestorTitles":["AuthService","generateTokens"],"duration":539,"failureDetails":[],"failureMessages":[],"fullName":"AuthService generateTokens throws InternalError on database failure","invocations":1,"location":null,"numPassingAsserts":1,"retryReasons":[],"status":"passed","title":"throws InternalError on database failure"},{"ancestorTitles":["AuthService","verifyToken"],"duration":570,"failureDetails":[],"failureMessages":[],"fullName":"AuthService verifyToken successfully verifies and decodes a valid token","invocations":1,"location":null,"numPassingAsserts":3,"retryReasons":[],"status":"passed","title":"successfully verifies and decodes a valid token"},{"ancestorTitles":["AuthService","verifyToken"],"duration":596,"failureDetails":[],"failureMessages":[],"fullName":"AuthService verifyToken throws AuthenticationError for expired token","invocations":1,"location":null,"numPassingAsserts":1,"retryReasons":[],"status":"passed","title":"throws AuthenticationError for expired token"},{"ancestorTitles":["AuthService","verifyToken"],"duration":589,"failureDetails":[],"failureMessages":[],"fullName":"AuthService verifyToken throws AuthenticationError for tampered/invalid signature","invocations":1,"location":null,"numPassingAsserts":1,"retryReasons":[],"status":"passed","title":"throws AuthenticationError for tampered/invalid signature"},{"ancestorTitles":["AuthService","refreshAccessToken"],"duration":573,"failureDetails":[],"failureMessages":[],"fullName":"AuthService refreshAccessToken issues new access token with valid refresh token","invocations":1,"location":null,"numPassingAsserts":2,"retryReasons":[],"status":"passed","title":"issues new access token with valid refresh token"},{"ancestorTitles":["AuthService","refreshAccessToken"],"duration":532,"failureDetails":[],"failureMessages":[],"fullName":"AuthService refreshAccessToken throws AuthenticationError for non-existent refresh token","invocations":1,"location":null,"numPassingAsserts":1,"retryReasons":[],"status":"passed","title":"throws AuthenticationError for non-existent refresh token"},{"ancestorTitles":["AuthService","refreshAccessToken"],"duration":530,"failureDetails":[],"failureMessages":[],"fullName":"AuthService refreshAccessToken throws AuthenticationError and deletes expired refresh token","invocations":1,"location":null,"numPassingAsserts":2,"retryReasons":[],"status":"passed","title":"throws AuthenticationError and deletes expired refresh token"},{"ancestorTitles":["AuthService","refreshAccessToken"],"duration":549,"failureDetails":[],"failureMessages":[],"fullName":"AuthService refreshAccessToken throws AuthenticationError for revoked refresh token","invocations":1,"location":null,"numPassingAsserts":1,"retryReasons":[],"status":"passed","title":"throws AuthenticationError for revoked refresh token"},{"ancestorTitles":["AuthService","revokeRefreshToken"],"duration":588,"failureDetails":[],"failureMessages":[],"fullName":"AuthService revokeRefreshToken successfully revokes a refresh token","invocations":1,"location":null,"numPassingAsserts":1,"retryReasons":[],"status":"passed","title":"successfully revokes a refresh token"},{"ancestorTitles":["AuthService","revokeRefreshToken"],"duration":486,"failureDetails":[],"failureMessages":[],"fullName":"AuthService revokeRefreshToken silently succeeds when token does not exist","invocations":1,"location":null,"numPassingAsserts":2,"retryReasons":[],"status":"passed","title":"silently succeeds when token does not exist"},{"ancestorTitles":["AuthService","revokeRefreshToken"],"duration":612,"failureDetails":[],"failureMessages":[],"fullName":"AuthService revokeRefreshToken throws InternalError on database failure","invocations":1,"location":null,"numPassingAsserts":1,"retryReasons":[],"status":"passed","title":"throws InternalError on database failure"},{"ancestorTitles":["AuthService","cleanupExpiredTokens"],"duration":493,"failureDetails":[],"failureMessages":[],"fullName":"AuthService cleanupExpiredTokens deletes expired tokens and returns count","invocations":1,"location":null,"numPassingAsserts":2,"retryReasons":[],"status":"passed","title":"deletes expired tokens and returns count"},{"ancestorTitles":["AuthService","cleanupExpiredTokens"],"duration":554,"failureDetails":[],"failureMessages":[],"fullName":"AuthService cleanupExpiredTokens returns 0 on database failure","invocations":1,"location":null,"numPassingAsserts":1,"retryReasons":[],"status":"passed","title":"returns 0 on database failure"}],"endTime":1773381742304,"message":"","name":"C:\\Users\\josha\\date-management-app\\backend\\src\\tests\\unit\\auth.service.test.ts","startTime":1773381727410,"status":"passed","summary":""},{"assertionResults":[{"ancestorTitles":["Monitoring Startup","Service Initialization"],"duration":717,"failureDetails":[],"failureMessages":[],"fullName":"Monitoring Startup Service Initialization should initialize ApplicationMonitoringService without throwing","invocations":1,"location":null,"numPassingAsserts":1,"retryReasons":[],"status":"passed","title":"should initialize ApplicationMonitoringService without throwing"},{"ancestorTitles":["Monitoring Startup","Service Initialization"],"duration":587,"failureDetails":[],"failureMessages":[],"fullName":"Monitoring Startup Service Initialization should initialize DatabaseMonitoringService without throwing","invocations":1,"location":null,"numPassingAsserts":1,"retryReasons":[],"status":"passed","title":"should initialize DatabaseMonitoringService without throwing"},{"ancestorTitles":["Monitoring Startup","Service Initialization"],"duration":581,"failureDetails":[],"failureMessages":[],"fullName":"Monitoring Startup Service Initialization should return singleton instances","invocations":1,"location":null,"numPassingAsserts":2,"retryReasons":[],"status":"passed","title":"should return singleton instances"},{"ancestorTitles":["Monitoring Startup","Service Initialization"],"duration":428,"failureDetails":[],"failureMessages":[],"fullName":"Monitoring Startup Service Initialization should inherit from EventEmitter for alert handling","invocations":1,"location":null,"numPassingAsserts":2,"retryReasons":[],"status":"passed","title":"should inherit from EventEmitter for alert handling"},{"ancestorTitles":["Monitoring Startup","Monitoring Service Lifecycle"],"duration":672,"failureDetails":[],"failureMessages":[],"fullName":"Monitoring Startup Monitoring Service Lifecycle should start monitoring when startMonitoring is called","invocations":1,"location":null,"numPassingAsserts":1,"retryReasons":[],"status":"passed","title":"should start monitoring when startMonitoring is called"},{"ancestorTitles":["Monitoring Startup","Monitoring Service Lifecycle"],"duration":606,"failureDetails":[],"failureMessages":[],"fullName":"Monitoring Startup Monitoring Service Lifecycle should stop monitoring when stopMonitoring is called","invocations":1,"location":null,"numPassingAsserts":1,"retryReasons":[],"status":"passed","title":"should stop monitoring when stopMonitoring is called"},{"ancestorTitles":["Monitoring Startup","Monitoring Service Lifecycle"],"duration":556,"failureDetails":[],"failureMessages":[],"fullName":"Monitoring Startup Monitoring Service Lifecycle should not throw when stopping already stopped monitoring","invocations":1,"location":null,"numPassingAsserts":1,"retryReasons":[],"status":"passed","title":"should not throw when stopping already stopped monitoring"},{"ancestorTitles":["Monitoring Startup","Monitoring Service Lifecycle"],"duration":566,"failureDetails":[],"failureMessages":[],"fullName":"Monitoring Startup Monitoring Service Lifecycle should reset metrics when stopMonitoring is called with reset=true","invocations":1,"location":null,"numPassingAsserts":1,"retryReasons":[],"status":"passed","title":"should reset metrics when stopMonitoring is called with reset=true"},{"ancestorTitles":["Monitoring Startup","Alert Event Handling"],"duration":580,"failureDetails":[],"failureMessages":[],"fullName":"Monitoring Startup Alert Event Handling should emit alert events that can be listened to","invocations":1,"location":null,"numPassingAsserts":4,"retryReasons":[],"status":"passed","title":"should emit alert events that can be listened to"},{"ancestorTitles":["Monitoring Startup","Alert Event Handling"],"duration":509,"failureDetails":[],"failureMessages":[],"fullName":"Monitoring Startup Alert Event Handling should not crash when alert handler throws exception","invocations":1,"location":null,"numPassingAsserts":3,"retryReasons":[],"status":"passed","title":"should not crash when alert handler throws exception"},{"ancestorTitles":["Monitoring Startup","Exception Handling in Monitoring Path"],"duration":583,"failureDetails":[],"failureMessages":[],"fullName":"Monitoring Startup Exception Handling in Monitoring Path should handle exceptions during metrics collection","invocations":1,"location":null,"numPassingAsserts":2,"retryReasons":[],"status":"passed","title":"should handle exceptions during metrics collection"},{"ancestorTitles":["Monitoring Startup","Exception Handling in Monitoring Path"],"duration":635,"failureDetails":[],"failureMessages":[],"fullName":"Monitoring Startup Exception Handling in Monitoring Path should continue functioning after middleware exception","invocations":1,"location":null,"numPassingAsserts":4,"retryReasons":[],"status":"passed","title":"should continue functioning after middleware exception"},{"ancestorTitles":["Monitoring Startup","Exception Handling in Monitoring Path"],"duration":630,"failureDetails":[],"failureMessages":[],"fullName":"Monitoring Startup Exception Handling in Monitoring Path should handle database monitoring failures gracefully","invocations":1,"location":null,"numPassingAsserts":3,"retryReasons":[],"status":"passed","title":"should handle database monitoring failures gracefully"},{"ancestorTitles":["Monitoring Startup","Process Handler Registration"],"duration":546,"failureDetails":[],"failureMessages":[],"fullName":"Monitoring Startup Process Handler Registration should allow process handlers to be registered without conflicts","invocations":1,"location":null,"numPassingAsserts":1,"retryReasons":[],"status":"passed","title":"should allow process handlers to be registered without conflicts"},{"ancestorTitles":["Monitoring Startup","Process Handler Registration"],"duration":529,"failureDetails":[],"failureMessages":[],"fullName":"Monitoring Startup Process Handler Registration should support uncaughtException handler registration","invocations":1,"location":null,"numPassingAsserts":1,"retryReasons":[],"status":"passed","title":"should support uncaughtException handler registration"},{"ancestorTitles":["Monitoring Startup","Process Handler Registration"],"duration":710,"failureDetails":[],"failureMessages":[],"fullName":"Monitoring Startup Process Handler Registration should support unhandledRejection handler registration","invocations":1,"location":null,"numPassingAsserts":1,"retryReasons":[],"status":"passed","title":"should support unhandledRejection handler registration"},{"ancestorTitles":["Monitoring Startup","Process Handler Registration"],"duration":583,"failureDetails":[],"failureMessages":[],"fullName":"Monitoring Startup Process Handler Registration should support SIGINT handler registration","invocations":1,"location":null,"numPassingAsserts":1,"retryReasons":[],"status":"passed","title":"should support SIGINT handler registration"},{"ancestorTitles":["Monitoring Startup","Process Handler Registration"],"duration":539,"failureDetails":[],"failureMessages":[],"fullName":"Monitoring Startup Process Handler Registration should handle exceptions in process handlers gracefully","invocations":1,"location":null,"numPassingAsserts":2,"retryReasons":[],"status":"passed","title":"should handle exceptions in process handlers gracefully"},{"ancestorTitles":["Monitoring Startup","Graceful Degradation"],"duration":654,"failureDetails":[],"failureMessages":[],"fullName":"Monitoring Startup Graceful Degradation should return zero metrics when monitoring not started","invocations":1,"location":null,"numPassingAsserts":2,"retryReasons":[],"status":"passed","title":"should return zero metrics when monitoring not started"},{"ancestorTitles":["Monitoring Startup","Graceful Degradation"],"duration":545,"failureDetails":[],"failureMessages":[],"fullName":"Monitoring Startup Graceful Degradation should not crash when accessing metrics during startup race condition","invocations":1,"location":null,"numPassingAsserts":1,"retryReasons":[],"status":"passed","title":"should not crash when accessing metrics during startup race condition"},{"ancestorTitles":["Monitoring Startup","Graceful Degradation"],"duration":621,"failureDetails":[],"failureMessages":[],"fullName":"Monitoring Startup Graceful Degradation should handle concurrent metric updates safely","invocations":1,"location":null,"numPassingAsserts":2,"retryReasons":[],"status":"passed","title":"should handle concurrent metric updates safely"},{"ancestorTitles":["Monitoring Startup","Monitoring Service Resilience"],"duration":569,"failureDetails":[],"failureMessages":[],"fullName":"Monitoring Startup Monitoring Service Resilience should recover from getMetrics errors gracefully","invocations":1,"location":null,"numPassingAsserts":2,"retryReasons":[],"status":"passed","title":"should recover from getMetrics errors gracefully"},{"ancestorTitles":["Monitoring Startup","Monitoring Service Resilience"],"duration":740,"failureDetails":[],"failureMessages":[],"fullName":"Monitoring Startup Monitoring Service Resilience should maintain alerting capability after multiple start/stop cycles","invocations":1,"location":null,"numPassingAsserts":1,"retryReasons":[],"status":"passed","title":"should maintain alerting capability after multiple start/stop cycles"},{"ancestorTitles":["Monitoring Startup","Monitoring Service Resilience"],"duration":627,"failureDetails":[],"failureMessages":[],"fullName":"Monitoring Startup Monitoring Service Resilience should handle large metric volumes without memory leak","invocations":1,"location":null,"numPassingAsserts":1,"retryReasons":[],"status":"passed","title":"should handle large metric volumes without memory leak"}],"endTime":1773381759274,"message":"","name":"C:\\Users\\josha\\date-management-app\\backend\\src\\tests\\unit\\monitoring-startup.test.ts","startTime":1773381742531,"status":"passed","summary":""},{"assertionResults":[{"ancestorTitles":["StorageQuotaService","Quota tier constants"],"duration":573,"failureDetails":[],"failureMessages":[],"fullName":"StorageQuotaService Quota tier constants should define correct storage limits for each tier","invocations":1,"location":null,"numPassingAsserts":3,"retryReasons":[],"status":"passed","title":"should define correct storage limits for each tier"},{"ancestorTitles":["StorageQuotaService","getStorageQuota - Free Tier (1GB)"],"duration":539,"failureDetails":[],"failureMessages":[],"fullName":"StorageQuotaService getStorageQuota - Free Tier (1GB) should return no warning when usage is 0%","invocations":1,"location":null,"numPassingAsserts":1,"retryReasons":[],"status":"passed","title":"should return no warning when usage is 0%"},{"ancestorTitles":["StorageQuotaService","getStorageQuota - Free Tier (1GB)"],"duration":531,"failureDetails":[],"failureMessages":[],"fullName":"StorageQuotaService getStorageQuota - Free Tier (1GB) should return no warning when usage is 50%","invocations":1,"location":null,"numPassingAsserts":3,"retryReasons":[],"status":"passed","title":"should return no warning when usage is 50%"},{"ancestorTitles":["StorageQuotaService","getStorageQuota - Free Tier (1GB)"],"duration":536,"failureDetails":[],"failureMessages":[],"fullName":"StorageQuotaService getStorageQuota - Free Tier (1GB) should return no warning when usage is just below 80%","invocations":1,"location":null,"numPassingAsserts":2,"retryReasons":[],"status":"passed","title":"should return no warning when usage is just below 80%"},{"ancestorTitles":["StorageQuotaService","getStorageQuota - Free Tier (1GB)"],"duration":603,"failureDetails":[],"failureMessages":[],"fullName":"StorageQuotaService getStorageQuota - Free Tier (1GB) should return warning when usage is exactly 80%","invocations":1,"location":null,"numPassingAsserts":2,"retryReasons":[],"status":"passed","title":"should return warning when usage is exactly 80%"},{"ancestorTitles":["StorageQuotaService","getStorageQuota - Free Tier (1GB)"],"duration":606,"failureDetails":[],"failureMessages":[],"fullName":"StorageQuotaService getStorageQuota - Free Tier (1GB) should return warning when usage is 90%","invocations":1,"location":null,"numPassingAsserts":2,"retryReasons":[],"status":"passed","title":"should return warning when usage is 90%"},{"ancestorTitles":["StorageQuotaService","getStorageQuota - Free Tier (1GB)"],"duration":545,"failureDetails":[],"failureMessages":[],"fullName":"StorageQuotaService getStorageQuota - Free Tier (1GB) should return warning when usage is at 100%","invocations":1,"location":null,"numPassingAsserts":3,"retryReasons":[],"status":"passed","title":"should return warning when usage is at 100%"},{"ancestorTitles":["StorageQuotaService","getStorageQuota - Free Tier (1GB)"],"duration":557,"failureDetails":[],"failureMessages":[],"fullName":"StorageQuotaService getStorageQuota - Free Tier (1GB) should handle over-quota usage (>100%)","invocations":1,"location":null,"numPassingAsserts":2,"retryReasons":[],"status":"passed","title":"should handle over-quota usage (>100%)"},{"ancestorTitles":["StorageQuotaService","getStorageQuota - Pro Tier (10GB)"],"duration":552,"failureDetails":[],"failureMessages":[],"fullName":"StorageQuotaService getStorageQuota - Pro Tier (10GB) should return no warning when usage is 5GB (50%)","invocations":1,"location":null,"numPassingAsserts":6,"retryReasons":[],"status":"passed","title":"should return no warning when usage is 5GB (50%)"},{"ancestorTitles":["StorageQuotaService","getStorageQuota - Pro Tier (10GB)"],"duration":566,"failureDetails":[],"failureMessages":[],"fullName":"StorageQuotaService getStorageQuota - Pro Tier (10GB) should return warning when usage is 8.5GB (85%)","invocations":1,"location":null,"numPassingAsserts":2,"retryReasons":[],"status":"passed","title":"should return warning when usage is 8.5GB (85%)"},{"ancestorTitles":["StorageQuotaService","getStorageQuota - Pro Tier (10GB)"],"duration":526,"failureDetails":[],"failureMessages":[],"fullName":"StorageQuotaService getStorageQuota - Pro Tier (10GB) should return warning at 80% threshold (8GB)","invocations":1,"location":null,"numPassingAsserts":2,"retryReasons":[],"status":"passed","title":"should return warning at 80% threshold (8GB)"},{"ancestorTitles":["StorageQuotaService","getStorageQuota - Pro Tier (10GB)"],"duration":564,"failureDetails":[],"failureMessages":[],"fullName":"StorageQuotaService getStorageQuota - Pro Tier (10GB) should handle 9.5GB usage (95%)","invocations":1,"location":null,"numPassingAsserts":2,"retryReasons":[],"status":"passed","title":"should handle 9.5GB usage (95%)"},{"ancestorTitles":["StorageQuotaService","getStorageQuota - Enterprise Tier (1TB)"],"duration":569,"failureDetails":[],"failureMessages":[],"fullName":"StorageQuotaService getStorageQuota - Enterprise Tier (1TB) should handle large usage without warning (500GB = 50%)","invocations":1,"location":null,"numPassingAsserts":6,"retryReasons":[],"status":"passed","title":"should handle large usage without warning (500GB = 50%)"},{"ancestorTitles":["StorageQuotaService","getStorageQuota - Enterprise Tier (1TB)"],"duration":547,"failureDetails":[],"failureMessages":[],"fullName":"StorageQuotaService getStorageQuota - Enterprise Tier (1TB) should return warning at 80% threshold (800GB)","invocations":1,"location":null,"numPassingAsserts":2,"retryReasons":[],"status":"passed","title":"should return warning at 80% threshold (800GB)"},{"ancestorTitles":["StorageQuotaService","getStorageQuota - Enterprise Tier (1TB)"],"duration":550,"failureDetails":[],"failureMessages":[],"fullName":"StorageQuotaService getStorageQuota - Enterprise Tier (1TB) should handle near-limit usage (950GB = 95%)","invocations":1,"location":null,"numPassingAsserts":2,"retryReasons":[],"status":"passed","title":"should handle near-limit usage (950GB = 95%)"},{"ancestorTitles":["StorageQuotaService","canUploadFile"],"duration":524,"failureDetails":[],"failureMessages":[],"fullName":"StorageQuotaService canUploadFile should allow upload when well under quota (Free tier)","invocations":1,"location":null,"numPassingAsserts":1,"retryReasons":[],"status":"passed","title":"should allow upload when well under quota (Free tier)"},{"ancestorTitles":["StorageQuotaService","canUploadFile"],"duration":509,"failureDetails":[],"failureMessages":[],"fullName":"StorageQuotaService canUploadFile should reject upload when it would exceed quota (Free tier)","invocations":1,"location":null,"numPassingAsserts":1,"retryReasons":[],"status":"passed","title":"should reject upload when it would exceed quota (Free tier)"},{"ancestorTitles":["StorageQuotaService","canUploadFile"],"duration":523,"failureDetails":[],"failureMessages":[],"fullName":"StorageQuotaService canUploadFile should allow upload exactly at quota limit","invocations":1,"location":null,"numPassingAsserts":1,"retryReasons":[],"status":"passed","title":"should allow upload exactly at quota limit"},{"ancestorTitles":["StorageQuotaService","canUploadFile"],"duration":495,"failureDetails":[],"failureMessages":[],"fullName":"StorageQuotaService canUploadFile should reject upload one byte over quota","invocations":1,"location":null,"numPassingAsserts":1,"retryReasons":[],"status":"passed","title":"should reject upload one byte over quota"},{"ancestorTitles":["StorageQuotaService","canUploadFile"],"duration":526,"failureDetails":[],"failureMessages":[],"fullName":"StorageQuotaService canUploadFile should allow large uploads on Pro tier","invocations":1,"location":null,"numPassingAsserts":1,"retryReasons":[],"status":"passed","title":"should allow large uploads on Pro tier"},{"ancestorTitles":["StorageQuotaService","canUploadFile"],"duration":596,"failureDetails":[],"failureMessages":[],"fullName":"StorageQuotaService canUploadFile should allow very large uploads on Enterprise tier","invocations":1,"location":null,"numPassingAsserts":1,"retryReasons":[],"status":"passed","title":"should allow very large uploads on Enterprise tier"},{"ancestorTitles":["StorageQuotaService","recordUpload"],"duration":619,"failureDetails":[],"failureMessages":[],"fullName":"StorageQuotaService recordUpload should create upload record with correct data","invocations":1,"location":null,"numPassingAsserts":2,"retryReasons":[],"status":"passed","title":"should create upload record with correct data"},{"ancestorTitles":["StorageQuotaService","recordUpload"],"duration":651,"failureDetails":[],"failureMessages":[],"fullName":"StorageQuotaService recordUpload should handle recordUpload errors gracefully","invocations":1,"location":null,"numPassingAsserts":1,"retryReasons":[],"status":"passed","title":"should handle recordUpload errors gracefully"},{"ancestorTitles":["StorageQuotaService","markUploadDeleted"],"duration":554,"failureDetails":[],"failureMessages":[],"fullName":"StorageQuotaService markUploadDeleted should update upload status to deleted","invocations":1,"location":null,"numPassingAsserts":3,"retryReasons":[],"status":"passed","title":"should update upload status to deleted"},{"ancestorTitles":["StorageQuotaService","markUploadDeleted"],"duration":570,"failureDetails":[],"failureMessages":[],"fullName":"StorageQuotaService markUploadDeleted should handle markUploadDeleted errors gracefully","invocations":1,"location":null,"numPassingAsserts":1,"retryReasons":[],"status":"passed","title":"should handle markUploadDeleted errors gracefully"},{"ancestorTitles":["StorageQuotaService","getStorageUsageString"],"duration":675,"failureDetails":[],"failureMessages":[],"fullName":"StorageQuotaService getStorageUsageString should format usage string correctly for small usage","invocations":1,"location":null,"numPassingAsserts":1,"retryReasons":[],"status":"passed","title":"should format usage string correctly for small usage"},{"ancestorTitles":["StorageQuotaService","getStorageUsageString"],"duration":494,"failureDetails":[],"failureMessages":[],"fullName":"StorageQuotaService getStorageUsageString should format usage string correctly for large usage","invocations":1,"location":null,"numPassingAsserts":1,"retryReasons":[],"status":"passed","title":"should format usage string correctly for large usage"},{"ancestorTitles":["StorageQuotaService","Edge cases and error handling"],"duration":655,"failureDetails":[],"failureMessages":[],"fullName":"StorageQuotaService Edge cases and error handling should handle null aggregate result (no uploads)","invocations":1,"location":null,"numPassingAsserts":2,"retryReasons":[],"status":"passed","title":"should handle null aggregate result (no uploads)"},{"ancestorTitles":["StorageQuotaService","Edge cases and error handling"],"duration":547,"failureDetails":[],"failureMessages":[],"fullName":"StorageQuotaService Edge cases and error handling should throw error for invalid subscription tier","invocations":1,"location":null,"numPassingAsserts":1,"retryReasons":[],"status":"passed","title":"should throw error for invalid subscription tier"},{"ancestorTitles":["StorageQuotaService","Edge cases and error handling"],"duration":535,"failureDetails":[],"failureMessages":[],"fullName":"StorageQuotaService Edge cases and error handling should handle database errors in calculateUserStorageUsage","invocations":1,"location":null,"numPassingAsserts":1,"retryReasons":[],"status":"passed","title":"should handle database errors in calculateUserStorageUsage"},{"ancestorTitles":["StorageQuotaService","Edge cases and error handling"],"duration":595,"failureDetails":[],"failureMessages":[],"fullName":"StorageQuotaService Edge cases and error handling should round percentage to 1 decimal place","invocations":1,"location":null,"numPassingAsserts":1,"retryReasons":[],"status":"passed","title":"should round percentage to 1 decimal place"},{"ancestorTitles":["StorageQuotaService","Cross-tier consistency"],"duration":521,"failureDetails":[],"failureMessages":[],"fullName":"StorageQuotaService Cross-tier consistency 80% threshold should consistently trigger warnings across all tiers","invocations":1,"location":null,"numPassingAsserts":6,"retryReasons":[],"status":"passed","title":"80% threshold should consistently trigger warnings across all tiers"},{"ancestorTitles":["StorageQuotaService","Cross-tier consistency"],"duration":546,"failureDetails":[],"failureMessages":[],"fullName":"StorageQuotaService Cross-tier consistency 79% should not trigger warnings across all tiers","invocations":1,"location":null,"numPassingAsserts":3,"retryReasons":[],"status":"passed","title":"79% should not trigger warnings across all tiers"}],"endTime":1773381780524,"message":"","name":"C:\\Users\\josha\\date-management-app\\backend\\src\\tests\\services\\storage-quota.service.test.ts","startTime":1773381759748,"status":"passed","summary":""},{"assertionResults":[{"ancestorTitles":["Multi-Tenant Penetration Tests","Task 13.11: Penetration testing for tenant isolation"],"duration":909,"failureDetails":[],"failureMessages":[],"fullName":"Multi-Tenant Penetration Tests Task 13.11: Penetration testing for tenant isolation should prevent SQL injection in organizationId parameter","invocations":1,"location":null,"numPassingAsserts":1,"retryReasons":[],"status":"passed","title":"should prevent SQL injection in organizationId parameter"},{"ancestorTitles":["Multi-Tenant Penetration Tests","Task 13.11: Penetration testing for tenant isolation"],"duration":816,"failureDetails":[],"failureMessages":[],"fullName":"Multi-Tenant Penetration Tests Task 13.11: Penetration testing for tenant isolation should prevent accessing other org products via ID manipulation","invocations":1,"location":null,"numPassingAsserts":2,"retryReasons":[],"status":"passed","title":"should prevent accessing other org products via ID manipulation"},{"ancestorTitles":["Multi-Tenant Penetration Tests","Task 13.11: Penetration testing for tenant isolation"],"duration":821,"failureDetails":[],"failureMessages":[],"fullName":"Multi-Tenant Penetration Tests Task 13.11: Penetration testing for tenant isolation should prevent organizationId parameter tampering","invocations":1,"location":null,"numPassingAsserts":2,"retryReasons":[],"status":"passed","title":"should prevent organizationId parameter tampering"},{"ancestorTitles":["Multi-Tenant Penetration Tests","Task 13.11: Penetration testing for tenant isolation"],"duration":889,"failureDetails":[],"failureMessages":[],"fullName":"Multi-Tenant Penetration Tests Task 13.11: Penetration testing for tenant isolation should sanitize special characters in query parameters","invocations":1,"location":null,"numPassingAsserts":5,"retryReasons":[],"status":"passed","title":"should sanitize special characters in query parameters"},{"ancestorTitles":["Multi-Tenant Penetration Tests","Task 13.11: Penetration testing for tenant isolation"],"duration":936,"failureDetails":[],"failureMessages":[],"fullName":"Multi-Tenant Penetration Tests Task 13.11: Penetration testing for tenant isolation should prevent mass assignment attacks on organizationId","invocations":1,"location":null,"numPassingAsserts":4,"retryReasons":[],"status":"passed","title":"should prevent mass assignment attacks on organizationId"},{"ancestorTitles":["Multi-Tenant Penetration Tests","Task 13.11: Penetration testing for tenant isolation"],"duration":787,"failureDetails":[],"failureMessages":[],"fullName":"Multi-Tenant Penetration Tests Task 13.11: Penetration testing for tenant isolation should prevent mass assignment of organizationId during product creation","invocations":1,"location":null,"numPassingAsserts":2,"retryReasons":[],"status":"passed","title":"should prevent mass assignment of organizationId during product creation"},{"ancestorTitles":["Multi-Tenant Penetration Tests","Task 13.11: Penetration testing for tenant isolation"],"duration":894,"failureDetails":[],"failureMessages":[],"fullName":"Multi-Tenant Penetration Tests Task 13.11: Penetration testing for tenant isolation should prevent IDOR (Insecure Direct Object Reference) attacks","invocations":1,"location":null,"numPassingAsserts":3,"retryReasons":[],"status":"passed","title":"should prevent IDOR (Insecure Direct Object Reference) attacks"},{"ancestorTitles":["Multi-Tenant Penetration Tests","Task 13.11: Penetration testing for tenant isolation"],"duration":901,"failureDetails":[],"failureMessages":[],"fullName":"Multi-Tenant Penetration Tests Task 13.11: Penetration testing for tenant isolation should prevent enumeration attacks to discover other org IDs","invocations":1,"location":null,"numPassingAsserts":5,"retryReasons":[],"status":"passed","title":"should prevent enumeration attacks to discover other org IDs"},{"ancestorTitles":["Multi-Tenant Penetration Tests","Task 13.11: Penetration testing for tenant isolation"],"duration":835,"failureDetails":[],"failureMessages":[],"fullName":"Multi-Tenant Penetration Tests Task 13.11: Penetration testing for tenant isolation should handle null/undefined organizationId gracefully","invocations":1,"location":null,"numPassingAsserts":3,"retryReasons":[],"status":"passed","title":"should handle null/undefined organizationId gracefully"},{"ancestorTitles":["Multi-Tenant Penetration Tests","Task 13.11: Penetration testing for tenant isolation"],"duration":826,"failureDetails":[],"failureMessages":[],"fullName":"Multi-Tenant Penetration Tests Task 13.11: Penetration testing for tenant isolation should reject JWT with invalid signature","invocations":1,"location":null,"numPassingAsserts":2,"retryReasons":[],"status":"passed","title":"should reject JWT with invalid signature"},{"ancestorTitles":["Multi-Tenant Penetration Tests","Task 13.11: Penetration testing for tenant isolation"],"duration":799,"failureDetails":[],"failureMessages":[],"fullName":"Multi-Tenant Penetration Tests Task 13.11: Penetration testing for tenant isolation should reject JWT with tampered payload","invocations":1,"location":null,"numPassingAsserts":2,"retryReasons":[],"status":"passed","title":"should reject JWT with tampered payload"},{"ancestorTitles":["Multi-Tenant Penetration Tests","Task 13.11: Penetration testing for tenant isolation"],"duration":779,"failureDetails":[],"failureMessages":[],"fullName":"Multi-Tenant Penetration Tests Task 13.11: Penetration testing for tenant isolation should accept valid JWT and extract correct organization","invocations":1,"location":null,"numPassingAsserts":3,"retryReasons":[],"status":"passed","title":"should accept valid JWT and extract correct organization"},{"ancestorTitles":["Multi-Tenant Penetration Tests","Task 13.11: Penetration testing for tenant isolation"],"duration":788,"failureDetails":[],"failureMessages":[],"fullName":"Multi-Tenant Penetration Tests Task 13.11: Penetration testing for tenant isolation should reject expired JWT","invocations":1,"location":null,"numPassingAsserts":2,"retryReasons":[],"status":"passed","title":"should reject expired JWT"},{"ancestorTitles":["Multi-Tenant Penetration Tests","Task 13.11: Penetration testing for tenant isolation"],"duration":796,"failureDetails":[],"failureMessages":[],"fullName":"Multi-Tenant Penetration Tests Task 13.11: Penetration testing for tenant isolation should reject JWT with missing required fields","invocations":1,"location":null,"numPassingAsserts":2,"retryReasons":[],"status":"passed","title":"should reject JWT with missing required fields"},{"ancestorTitles":["Multi-Tenant Penetration Tests","Task 13.11: Penetration testing for tenant isolation"],"duration":836,"failureDetails":[],"failureMessages":[],"fullName":"Multi-Tenant Penetration Tests Task 13.11: Penetration testing for tenant isolation should reject JWT for organization without subscription","invocations":1,"location":null,"numPassingAsserts":2,"retryReasons":[],"status":"passed","title":"should reject JWT for organization without subscription"},{"ancestorTitles":["Multi-Tenant Penetration Tests","16A.F.3.3 - Route Parameter Tampering Tests"],"duration":791,"failureDetails":[],"failureMessages":[],"fullName":"Multi-Tenant Penetration Tests 16A.F.3.3 - Route Parameter Tampering Tests should reject requests with modified org_id in route parameters","invocations":1,"location":null,"numPassingAsserts":2,"retryReasons":[],"status":"passed","title":"should reject requests with modified org_id in route parameters"},{"ancestorTitles":["Multi-Tenant Penetration Tests","16A.F.3.3 - Route Parameter Tampering Tests"],"duration":712,"failureDetails":[],"failureMessages":[],"fullName":"Multi-Tenant Penetration Tests 16A.F.3.3 - Route Parameter Tampering Tests should reject requests with SQL injection attempt in org_id parameter","invocations":1,"location":null,"numPassingAsserts":2,"retryReasons":[],"status":"passed","title":"should reject requests with SQL injection attempt in org_id parameter"},{"ancestorTitles":["Multi-Tenant Penetration Tests","16A.F.3.3 - Route Parameter Tampering Tests"],"duration":842,"failureDetails":[],"failureMessages":[],"fullName":"Multi-Tenant Penetration Tests 16A.F.3.3 - Route Parameter Tampering Tests should reject requests with null byte injection in org_id","invocations":1,"location":null,"numPassingAsserts":1,"retryReasons":[],"status":"passed","title":"should reject requests with null byte injection in org_id"},{"ancestorTitles":["Multi-Tenant Penetration Tests","16A.F.3.3 - Route Parameter Tampering Tests"],"duration":752,"failureDetails":[],"failureMessages":[],"fullName":"Multi-Tenant Penetration Tests 16A.F.3.3 - Route Parameter Tampering Tests should reject requests with path traversal attempt in org_id","invocations":1,"location":null,"numPassingAsserts":1,"retryReasons":[],"status":"passed","title":"should reject requests with path traversal attempt in org_id"},{"ancestorTitles":["Multi-Tenant Penetration Tests","16A.F.3.3 - Route Parameter Tampering Tests"],"duration":897,"failureDetails":[],"failureMessages":[],"fullName":"Multi-Tenant Penetration Tests 16A.F.3.3 - Route Parameter Tampering Tests should maintain tenant isolation when org_id is provided via different methods","invocations":1,"location":null,"numPassingAsserts":1,"retryReasons":[],"status":"passed","title":"should maintain tenant isolation when org_id is provided via different methods"}],"endTime":1773381801876,"message":"","name":"C:\\Users\\josha\\date-management-app\\backend\\src\\tests\\integration\\multi-tenant-penetration.test.ts","startTime":1773381780607,"status":"passed","summary":""},{"assertionResults":[{"ancestorTitles":["SubscriptionService","createSubscription"],"duration":907,"failureDetails":[],"failureMessages":[],"fullName":"SubscriptionService createSubscription should create a Stripe customer and subscription","invocations":1,"location":null,"numPassingAsserts":5,"retryReasons":[],"status":"passed","title":"should create a Stripe customer and subscription"},{"ancestorTitles":["SubscriptionService","createSubscription"],"duration":735,"failureDetails":[],"failureMessages":[],"fullName":"SubscriptionService createSubscription should throw NotFoundError if organization does not exist","invocations":1,"location":null,"numPassingAsserts":1,"retryReasons":[],"status":"passed","title":"should throw NotFoundError if organization does not exist"},{"ancestorTitles":["SubscriptionService","createSubscription"],"duration":534,"failureDetails":[],"failureMessages":[],"fullName":"SubscriptionService createSubscription should throw InternalError if Stripe customer creation fails","invocations":1,"location":null,"numPassingAsserts":1,"retryReasons":[],"status":"passed","title":"should throw InternalError if Stripe customer creation fails"},{"ancestorTitles":["SubscriptionService","updateSubscription"],"duration":523,"failureDetails":[],"failureMessages":[],"fullName":"SubscriptionService updateSubscription should update Stripe subscription with new price","invocations":1,"location":null,"numPassingAsserts":3,"retryReasons":[],"status":"passed","title":"should update Stripe subscription with new price"},{"ancestorTitles":["SubscriptionService","updateSubscription"],"duration":620,"failureDetails":[],"failureMessages":[],"fullName":"SubscriptionService updateSubscription should throw NotFoundError if subscription does not exist","invocations":1,"location":null,"numPassingAsserts":1,"retryReasons":[],"status":"passed","title":"should throw NotFoundError if subscription does not exist"},{"ancestorTitles":["SubscriptionService","cancelSubscription"],"duration":471,"failureDetails":[],"failureMessages":[],"fullName":"SubscriptionService cancelSubscription should cancel Stripe subscription at period end","invocations":1,"location":null,"numPassingAsserts":2,"retryReasons":[],"status":"passed","title":"should cancel Stripe subscription at period
[...]
vider type names for logging"}],"endTime":1773382456533,"message":"","name":"C:\\Users\\josha\\date-management-app\\backend\\src\\tests\\unit\\storage-factory.test.ts","startTime":1773382452431,"status":"passed","summary":""},{"assertionResults":[{"ancestorTitles":["\"Manager Dashboard\" Integration Scenario"],"duration":733,"failureDetails":[],"failureMessages":[],"fullName":"\"Manager Dashboard\" Integration Scenario should allow a manager to view the dashboard","invocations":1,"location":null,"numPassingAsserts":5,"retryReasons":[],"status":"passed","title":"should allow a manager to view the dashboard"}],"endTime":1773382464032,"message":"","name":"C:\\Users\\josha\\date-management-app\\backend\\src\\tests\\integration\\dashboard.test.ts","startTime":1773382456596,"status":"passed","summary":""},{"assertionResults":[{"ancestorTitles":["webhook.routes Stripe error handling"],"duration":768,"failureDetails":[],"failureMessages":[],"fullName":"webhook.routes Stripe error handling returns 200 for non-recoverable mapping errors to avoid Stripe retry storms","invocations":1,"location":null,"numPassingAsserts":4,"retryReasons":[],"status":"passed","title":"returns 200 for non-recoverable mapping errors to avoid Stripe retry storms"},{"ancestorTitles":["webhook.routes Stripe error handling"],"duration":661,"failureDetails":[],"failureMessages":[],"fullName":"webhook.routes Stripe error handling returns 500 for transient processing errors so Stripe retries","invocations":1,"location":null,"numPassingAsserts":3,"retryReasons":[],"status":"passed","title":"returns 500 for transient processing errors so Stripe retries"},{"ancestorTitles":["webhook.routes Clerk error handling"],"duration":677,"failureDetails":[],"failureMessages":[],"fullName":"webhook.routes Clerk error handling returns 409 for duplicate-email conflict errors","invocations":1,"location":null,"numPassingAsserts":3,"retryReasons":[],"status":"passed","title":"returns 409 for duplicate-email conflict errors"},{"ancestorTitles":["webhook.routes Clerk error handling"],"duration":666,"failureDetails":[],"failureMessages":[],"fullName":"webhook.routes Clerk error handling returns 500 for transient Clerk processing errors","invocations":1,"location":null,"numPassingAsserts":2,"retryReasons":[],"status":"passed","title":"returns 500 for transient Clerk processing errors"}],"endTime":1773382470139,"message":"","name":"C:\\Users\\josha\\date-management-app\\backend\\src\\tests\\unit\\webhook.routes.test.ts","startTime":1773382464191,"status":"passed","summary":""},{"assertionResults":[{"ancestorTitles":["EnvironmentConfig"],"duration":712,"failureDetails":[],"failureMessages":[],"fullName":"EnvironmentConfig defaults to development when NODE_ENV is missing","invocations":1,"location":null,"numPassingAsserts":3,"retryReasons":[],"status":"passed","title":"defaults to development when NODE_ENV is missing"},{"ancestorTitles":["EnvironmentConfig"],"duration":627,"failureDetails":[],"failureMessages":[],"fullName":"EnvironmentConfig uses provided JWT_SECRET when NODE_ENV is test","invocations":1,"location":null,"numPassingAsserts":3,"retryReasons":[],"status":"passed","title":"uses provided JWT_SECRET when NODE_ENV is test"},{"ancestorTitles":["EnvironmentConfig"],"duration":785,"failureDetails":[],"failureMessages":[],"fullName":"EnvironmentConfig throws when development is missing JWT_SECRET","invocations":1,"location":null,"numPassingAsserts":2,"retryReasons":[],"status":"passed","title":"throws when development is missing JWT_SECRET"},{"ancestorTitles":["EnvironmentConfig"],"duration":664,"failureDetails":[],"failureMessages":[],"fullName":"EnvironmentConfig throws when production is missing JWT_SECRET","invocations":1,"location":null,"numPassingAsserts":2,"retryReasons":[],"status":"passed","title":"throws when production is missing JWT_SECRET"},{"ancestorTitles":["EnvironmentConfig"],"duration":714,"failureDetails":[],"failureMessages":[],"fullName":"EnvironmentConfig allows worker config injection","invocations":1,"location":null,"numPassingAsserts":3,"retryReasons":[],"status":"passed","title":"allows worker config injection"}],"endTime":1773382476258,"message":"","name":"C:\\Users\\josha\\date-management-app\\backend\\src\\tests\\unit\\environment.test.ts","startTime":1773382470237,"status":"passed","summary":""},{"assertionResults":[{"ancestorTitles":["ReportService"],"duration":650,"failureDetails":[],"failureMessages":[],"fullName":"ReportService should return monthly markdown report","invocations":1,"location":null,"numPassingAsserts":2,"retryReasons":[],"status":"passed","title":"should return monthly markdown report"},{"ancestorTitles":["ReportService"],"duration":633,"failureDetails":[],"failureMessages":[],"fullName":"ReportService should return usage report","invocations":1,"location":null,"numPassingAsserts":2,"retryReasons":[],"status":"passed","title":"should return usage report"},{"ancestorTitles":["ReportService"],"duration":697,"failureDetails":[],"failureMessages":[],"fullName":"ReportService should return monthly expiry report","invocations":1,"location":null,"numPassingAsserts":2,"retryReasons":[],"status":"passed","title":"should return monthly expiry report"},{"ancestorTitles":["ReportService"],"duration":603,"failureDetails":[],"failureMessages":[],"fullName":"ReportService should return dashboard analytics","invocations":1,"location":null,"numPassingAsserts":2,"retryReasons":[],"status":"passed","title":"should return dashboard analytics"}],"endTime":1773382482110,"message":"","name":"C:\\Users\\josha\\date-management-app\\backend\\src\\tests\\unit\\report.service.test.ts","startTime":1773382476305,"status":"passed","summary":""},{"assertionResults":[{"ancestorTitles":["Webhook Monitoring"],"duration":657,"failureDetails":[],"failureMessages":[],"fullName":"Webhook Monitoring captures Sentry alert when daily webhook error count exceeds 1","invocations":1,"location":null,"numPassingAsserts":1,"retryReasons":[],"status":"passed","title":"captures Sentry alert when daily webhook error count exceeds 1"},{"ancestorTitles":["Webhook Monitoring"],"duration":627,"failureDetails":[],"failureMessages":[],"fullName":"Webhook Monitoring does NOT alert when daily webhook error count is 0","invocations":1,"location":null,"numPassingAsserts":1,"retryReasons":[],"status":"passed","title":"does NOT alert when daily webhook error count is 0"},{"ancestorTitles":["Webhook Monitoring"],"duration":606,"failureDetails":[],"failureMessages":[],"fullName":"Webhook Monitoring captures Sentry alert when replay attack growth rate exceeds threshold","invocations":1,"location":null,"numPassingAsserts":1,"retryReasons":[],"status":"passed","title":"captures Sentry alert when replay attack growth rate exceeds threshold"},{"ancestorTitles":["Webhook Monitoring"],"duration":612,"failureDetails":[],"failureMessages":[],"fullName":"Webhook Monitoring does NOT alert when growth rate is normal (<=5x)","invocations":1,"location":null,"numPassingAsserts":1,"retryReasons":[],"status":"passed","title":"does NOT alert when growth rate is normal (<=5x)"}],"endTime":1773382488329,"message":"","name":"C:\\Users\\josha\\date-management-app\\backend\\src\\tests\\unit\\webhook-monitoring.test.ts","startTime":1773382482175,"status":"passed","summary":""},{"assertionResults":[{"ancestorTitles":["ApplicationMonitoringService"],"duration":673,"failureDetails":[],"failureMessages":[],"fullName":"ApplicationMonitoringService records request metrics and computes error rate","invocations":1,"location":null,"numPassingAsserts":3,"retryReasons":[],"status":"passed","title":"records request metrics and computes error rate"},{"ancestorTitles":["ApplicationMonitoringService"],"duration":666,"failureDetails":[],"failureMessages":[],"fullName":"ApplicationMonitoringService emits a slow endpoint alert when duration exceeds threshold","invocations":1,"location":null,"numPassingAsserts":1,"retryReasons":[],"status":"passed","title":"emits a slow endpoint alert when duration exceeds threshold"},{"ancestorTitles":["ApplicationMonitoringService"],"duration":626,"failureDetails":[],"failureMessages":[],"fullName":"ApplicationMonitoringService request tracking middleware records request and cleans up request map","invocations":1,"location":null,"numPassingAsserts":3,"retryReasons":[],"status":"passed","title":"request tracking middleware records request and cleans up request map"},{"ancestorTitles":["ApplicationMonitoringService"],"duration":611,"failureDetails":[],"failureMessages":[],"fullName":"ApplicationMonitoringService emits HIGH_ERROR_RATE alert when error threshold is exceeded","invocations":1,"location":null,"numPassingAsserts":1,"retryReasons":[],"status":"passed","title":"emits HIGH_ERROR_RATE alert when error threshold is exceeded"}],"endTime":1773382493458,"message":"","name":"C:\\Users\\josha\\date-management-app\\backend\\src\\tests\\unit\\application-monitoring.service.test.ts","startTime":1773382488416,"status":"passed","summary":""},{"assertionResults":[{"ancestorTitles":["DatabaseMonitoringService"],"duration":745,"failureDetails":[],"failureMessages":[],"fullName":"DatabaseMonitoringService records query metrics and emits slow query alert","invocations":1,"location":null,"numPassingAsserts":1,"retryReasons":[],"status":"passed","title":"records query metrics and emits slow query alert"},{"ancestorTitles":["DatabaseMonitoringService"],"duration":604,"failureDetails":[],"failureMessages":[],"fullName":"DatabaseMonitoringService emits threshold alerts when collected metrics exceed limits","invocations":1,"location":null,"numPassingAsserts":4,"retryReasons":[],"status":"passed","title":"emits threshold alerts when collected metrics exceed limits"},{"ancestorTitles":["DatabaseMonitoringService"],"duration":644,"failureDetails":[],"failureMessages":[],"fullName":"DatabaseMonitoringService starts and stops monitoring lifecycle cleanly","invocations":1,"location":null,"numPassingAsserts":3,"retryReasons":[],"status":"passed","title":"starts and stops monitoring lifecycle cleanly"},{"ancestorTitles":["DatabaseMonitoringService"],"duration":585,"failureDetails":[],"failureMessages":[],"fullName":"DatabaseMonitoringService returns early when startMonitoring is called while already running","invocations":1,"location":null,"numPassingAsserts":2,"retryReasons":[],"status":"passed","title":"returns early when startMonitoring is called while already running"},{"ancestorTitles":["DatabaseMonitoringService"],"duration":620,"failureDetails":[],"failureMessages":[],"fullName":"DatabaseMonitoringService silently returns when stopMonitoring is called while not running","invocations":1,"location":null,"numPassingAsserts":2,"retryReasons":[],"status":"passed","title":"silently returns when stopMonitoring is called while not running"}],"endTime":1773382499345,"message":"","name":"C:\\Users\\josha\\date-management-app\\backend\\src\\tests\\unit\\database-monitoring.service.test.ts","startTime":1773382493604,"status":"passed","summary":""},{"assertionResults":[{"ancestorTitles":["product.routes organization guards"],"duration":719,"failureDetails":[],"failureMessages":[],"fullName":"product.routes organization guards returns 401 on export-excess when organizationId is missing","invocations":1,"location":null,"numPassingAsserts":3,"retryReasons":[],"status":"passed","title":"returns 401 on export-excess when organizationId is missing"},{"ancestorTitles":["product.routes organization guards"],"duration":645,"failureDetails":[],"failureMessages":[],"fullName":"product.routes organization guards returns 401 on create product when organizationId is missing","invocations":1,"location":null,"numPassingAsserts":2,"retryReasons":[],"status":"passed","title":"returns 401 on create product when organizationId is missing"}],"endTime":1773382504304,"message":"","name":"C:\\Users\\josha\\date-management-app\\backend\\src\\tests\\unit\\product.routes.test.ts","startTime":1773382499504,"status":"passed","summary":""},{"assertionResults":[{"ancestorTitles":["ClerkWebhookService - Soft Delete"],"duration":833,"failureDetails":[],"failureMessages":[],"fullName":"ClerkWebhookService - Soft Delete should soft delete user instead of hard delete","invocations":1,"location":null,"numPassingAsserts":3,"retryReasons":[],"status":"passed","title":"should soft delete user instead of hard delete"},{"ancestorTitles":["ClerkWebhookService - Soft Delete"],"duration":889,"failureDetails":[],"failureMessages":[],"fullName":"ClerkWebhookService - Soft Delete should preserve audit logs after user soft delete","invocations":1,"location":null,"numPassingAsserts":3,"retryReasons":[],"status":"passed","title":"should preserve audit logs after user soft delete"}],"endTime":1773382509016,"message":"","name":"C:\\Users\\josha\\date-management-app\\backend\\src\\tests\\unit\\clerk-webhook-soft-delete.test.ts","startTime":1773382504353,"status":"passed","summary":""},{"assertionResults":[{"ancestorTitles":["Storage Provider Errors"],"duration":605,"failureDetails":[],"failureMessages":[],"fullName":"Storage Provider Errors sets FileNotFoundError name and message","invocations":1,"location":null,"numPassingAsserts":2,"retryReasons":[],"status":"passed","title":"sets FileNotFoundError name and message"},{"ancestorTitles":["Storage Provider Errors"],"duration":537,"failureDetails":[],"failureMessages":[],"fullName":"Storage Provider Errors sets FileSizeLimitError name and message","invocations":1,"location":null,"numPassingAsserts":2,"retryReasons":[],"status":"passed","title":"sets FileSizeLimitError name and message"},{"ancestorTitles":["Storage Provider Errors"],"duration":542,"failureDetails":[],"failureMessages":[],"fullName":"Storage Provider Errors sets StorageProviderError name and preserves original error","invocations":1,"location":null,"numPassingAsserts":3,"retryReasons":[],"status":"passed","title":"sets StorageProviderError name and preserves original error"}],"endTime":1773382513556,"message":"","name":"C:\\Users\\josha\\date-management-app\\backend\\src\\tests\\unit\\storage-provider-errors.test.ts","startTime":1773382509073,"status":"passed","summary":""},{"assertionResults":[{"ancestorTitles":["Storage module exports"],"duration":637,"failureDetails":[],"failureMessages":[],"fullName":"Storage module exports exports provider classes and factory helpers","invocations":1,"location":null,"numPassingAsserts":6,"retryReasons":[],"status":"passed","title":"exports provider classes and factory helpers"},{"ancestorTitles":["Storage module exports"],"duration":604,"failureDetails":[],"failureMessages":[],"fullName":"Storage module exports exports error types","invocations":1,"location":null,"numPassingAsserts":3,"retryReasons":[],"status":"passed","title":"exports error types"}],"endTime":1773382517714,"message":"","name":"C:\\Users\\josha\\date-management-app\\backend\\src\\tests\\unit\\storage-index.test.ts","startTime":1773382513599,"status":"passed","summary":""},{"assertionResults":[{"ancestorTitles":["CSV Upload Flow"],"duration":1113,"failureDetails":[],"failureMessages":[],"fullName":"CSV Upload Flow supports direct upload flow end-to-end","invocations":1,"location":null,"numPassingAsserts":4,"retryReasons":[],"status":"passed","title":"supports direct upload flow end-to-end"},{"ancestorTitles":["CSV Upload Flow"],"duration":730,"failureDetails":[],"failureMessages":[],"fullName":"CSV Upload Flow supports presigned upload + complete flow","invocations":1,"location":null,"numPassingAsserts":5,"retryReasons":[],"status":"passed","title":"supports presigned upload + complete flow"}],"endTime":1773382522976,"message":"","name":"C:\\Users\\josha\\date-management-app\\backend\\src\\tests\\integration\\upload-flow.test.ts","startTime":1773382517764,"status":"passed","summary":""},{"assertionResults":[{"ancestorTitles":["feature-gate middleware"],"duration":645,"failureDetails":[],"failureMessages":[],"fullName":"feature-gate middleware returns 403 with creation_locked message for POST when org isCreationLocked=true","invocations":1,"location":null,"numPassingAsserts":3,"retryReasons":[],"status":"passed","title":"returns 403 with creation_locked message for POST when org isCreationLocked=true"},{"ancestorTitles":["feature-gate middleware"],"duration":609,"failureDetails":[],"failureMessages":[],"fullName":"feature-gate middleware allows PUT when org isCreationLocked=true so customers can reduce usage","invocations":1,"location":null,"numPassingAsserts":2,"retryReasons":[],"status":"passed","title":"allows PUT when org isCreationLocked=true so customers can reduce usage"}],"endTime":1773382527515,"message":"","name":"C:\\Users\\josha\\date-management-app\\backend\\src\\tests\\unit\\feature-gate.test.ts","startTime":1773382523063,"status":"passed","summary":""},{"assertionResults":[{"ancestorTitles":["StorageProvider Integration","LocalStorageProvider"],"duration":761,"failureDetails":[],"failureMessages":[],"fullName":"StorageProvider Integration LocalStorageProvider uploads, downloads, and deletes files","invocations":1,"location":null,"numPassingAsserts":3,"retryReasons":[],"status":"passed","title":"uploads, downloads, and deletes files"},{"ancestorTitles":["StorageProvider Integration","R2StorageProvider"],"duration":null,"failureDetails":[],"failureMessages":[],"fullName":"StorageProvider Integration R2StorageProvider uploads, downloads, and deletes files","invocations":1,"location":null,"numPassingAsserts":0,"retryReasons":[],"status":"pending","title":"uploads, downloads, and deletes files"}],"endTime":1773382532664,"message":"","name":"C:\\Users\\josha\\date-management-app\\backend\\src\\tests\\integration\\storage-provider.test.ts","startTime":1773382527592,"status":"focused","summary":""},{"assertionResults":[{"ancestorTitles":["DatabaseFactory Integration"],"duration":695,"failureDetails":[],"failureMessages":[],"fullName":"DatabaseFactory Integration connects to SQLite in test environment","invocations":1,"location":null,"numPassingAsserts":1,"retryReasons":[],"status":"passed","title":"connects to SQLite in test environment"},{"ancestorTitles":["DatabaseFactory Integration"],"duration":626,"failureDetails":[],"failureMessages":[],"fullName":"DatabaseFactory Integration reports sqlite provider for test environment","invocations":1,"location":null,"numPassingAsserts":1,"retryReasons":[],"status":"passed","title":"reports sqlite provider for test environment"},{"ancestorTitles":["DatabaseFactory Integration","Neon PostgreSQL"],"duration":null,"failureDetails":[],"failureMessages":[],"fullName":"DatabaseFactory Integration Neon PostgreSQL connects to Neon using production environment","invocations":1,"location":null,"numPassingAsserts":0,"retryReasons":[],"status":"pending","title":"connects to Neon using production environment"},{"ancestorTitles":["DatabaseFactory Integration","Neon PostgreSQL"],"duration":null,"failureDetails":[],"failureMessages":[],"fullName":"DatabaseFactory Integration Neon PostgreSQL reports postgresql provider for production environment","invocations":1,"location":null,"numPassingAsserts":0,"retryReasons":[],"status":"pending","title":"reports postgresql provider for production environment"}],"endTime":1773382536530,"message":"","name":"C:\\Users\\josha\\date-management-app\\backend\\src\\tests\\integration\\database-factory.integration.test.ts","startTime":1773382532722,"status":"focused","summary":""},{"assertionResults":[{"ancestorTitles":["DashboardService"],"duration":654,"failureDetails":[],"failureMessages":[],"fullName":"DashboardService should return dashboard data","invocations":1,"location":null,"numPassingAsserts":5,"retryReasons":[],"status":"passed","title":"should return dashboard data"}],"endTime":1773382540074,"message":"","name":"C:\\Users\\josha\\date-management-app\\backend\\src\\tests\\unit\\dashboard.service.test.ts","startTime":1773382536588,"status":"passed","summary":""}],"wasInterrupted":false}
